[DEBUG] [2017-06-07 09:36:23][org.mybatis.generator.internal.db.DatabaseIntrospector]Retrieving column information for table "user"
  [DEBUG] [2017-06-07 09:36:24][org.mybatis.generator.internal.db.DatabaseIntrospector]Found column "id", data type 4, in table "ssm2..user"
  [DEBUG] [2017-06-07 09:36:24][org.mybatis.generator.internal.db.DatabaseIntrospector]Found column "name", data type 12, in table "ssm2..user"
  [DEBUG] [2017-06-07 09:36:24][org.mybatis.generator.internal.db.DatabaseIntrospector]Found column "password", data type 12, in table "ssm2..user"
  [DEBUG] [2017-06-07 09:36:24][org.mybatis.generator.internal.db.DatabaseIntrospector]Found column "usertype", data type 4, in table "ssm2..user"
  [DEBUG] [2017-06-07 09:59:08][org.mybatis.generator.internal.db.DatabaseIntrospector]Retrieving column information for table "student"
  [DEBUG] [2017-06-07 09:59:08][org.mybatis.generator.internal.db.DatabaseIntrospector]Found column "id", data type 4, in table "ssm2..student"
  [DEBUG] [2017-06-07 09:59:08][org.mybatis.generator.internal.db.DatabaseIntrospector]Found column "name", data type 12, in table "ssm2..student"
  [DEBUG] [2017-06-07 09:59:08][org.mybatis.generator.internal.db.DatabaseIntrospector]Found column "sex", data type 12, in table "ssm2..student"
  [DEBUG] [2017-06-07 09:59:08][org.mybatis.generator.internal.db.DatabaseIntrospector]Found column "address", data type 12, in table "ssm2..student"
  [DEBUG] [2017-06-07 09:59:08][org.mybatis.generator.internal.db.DatabaseIntrospector]Found column "tel", data type 12, in table "ssm2..student"
  [DEBUG] [2017-06-07 09:59:08][org.mybatis.generator.internal.db.DatabaseIntrospector]Found column "classid", data type 4, in table "ssm2..student"
  [DEBUG] [2017-06-07 09:59:08][org.mybatis.generator.internal.db.DatabaseIntrospector]Found column "usertype", data type 4, in table "ssm2..student"
  [DEBUG] [2017-06-07 09:59:08][org.mybatis.generator.internal.db.DatabaseIntrospector]Found column "password", data type 12, in table "ssm2..student"
  [DEBUG] [2017-06-07 09:59:08][org.mybatis.generator.internal.db.DatabaseIntrospector]Found column "loginname", data type 12, in table "ssm2..student"
  [DEBUG] [2017-06-07 15:27:34][org.mybatis.generator.internal.db.DatabaseIntrospector]Retrieving column information for table "classes"
  [DEBUG] [2017-06-07 15:27:34][org.mybatis.generator.internal.db.DatabaseIntrospector]Found column "id", data type 4, in table "ssm2..classes"
  [DEBUG] [2017-06-07 15:27:34][org.mybatis.generator.internal.db.DatabaseIntrospector]Found column "name", data type 12, in table "ssm2..classes"
  [DEBUG] [2017-06-07 15:27:34][org.mybatis.generator.internal.db.DatabaseIntrospector]Found column "type", data type 12, in table "ssm2..classes"
  [DEBUG] [2017-06-07 15:27:34][org.mybatis.generator.internal.db.DatabaseIntrospector]Found column "status", data type 4, in table "ssm2..classes"
  [DEBUG] [2017-06-09 09:40:54][org.mybatis.generator.internal.db.DatabaseIntrospector]Retrieving column information for table "ctc"
  [DEBUG] [2017-06-09 09:40:54][org.mybatis.generator.internal.db.DatabaseIntrospector]Found column "couid", data type 4, in table "ssm2..ctc"
  [DEBUG] [2017-06-09 09:40:54][org.mybatis.generator.internal.db.DatabaseIntrospector]Found column "tid", data type 4, in table "ssm2..ctc"
  [DEBUG] [2017-06-09 09:40:54][org.mybatis.generator.internal.db.DatabaseIntrospector]Found column "claid", data type 4, in table "ssm2..ctc"
  [DEBUG] [2017-06-09 16:43:55][org.mybatis.generator.internal.db.DatabaseIntrospector]Retrieving column information for table "sc"
  [DEBUG] [2017-06-09 16:43:55][org.mybatis.generator.internal.db.DatabaseIntrospector]Found column "sid", data type 4, in table "ssm2..sc"
  [DEBUG] [2017-06-09 16:43:55][org.mybatis.generator.internal.db.DatabaseIntrospector]Found column "tid", data type 4, in table "ssm2..sc"
  [DEBUG] [2017-06-09 16:43:55][org.mybatis.generator.internal.db.DatabaseIntrospector]Found column "cid", data type 4, in table "ssm2..sc"
  [DEBUG] [2017-06-10 14:47:37][org.mybatis.generator.internal.db.DatabaseIntrospector]Retrieving column information for table "grade"
  [DEBUG] [2017-06-10 14:47:37][org.mybatis.generator.internal.db.DatabaseIntrospector]Found column "id", data type 4, in table "ssm2..grade"
  [DEBUG] [2017-06-10 14:47:37][org.mybatis.generator.internal.db.DatabaseIntrospector]Found column "sid", data type 4, in table "ssm2..grade"
  [DEBUG] [2017-06-10 14:47:37][org.mybatis.generator.internal.db.DatabaseIntrospector]Found column "cid", data type 4, in table "ssm2..grade"
  [DEBUG] [2017-06-10 14:47:37][org.mybatis.generator.internal.db.DatabaseIntrospector]Found column "tid", data type 4, in table "ssm2..grade"
  [DEBUG] [2017-06-10 14:47:37][org.mybatis.generator.internal.db.DatabaseIntrospector]Found column "pgrade", data type 8, in table "ssm2..grade"
  [DEBUG] [2017-06-10 14:47:37][org.mybatis.generator.internal.db.DatabaseIntrospector]Found column "kgrade", data type 8, in table "ssm2..grade"
  [DEBUG] [2017-06-10 14:47:37][org.mybatis.generator.internal.db.DatabaseIntrospector]Found column "zgrade", data type 8, in table "ssm2..grade"
  